# JRE version: Java(TM) SE Runtime Environment (7.0_80-b15) (build 1.7.0_80-b15)
# Java VM: Java HotSpot(TM) 64-Bit Server VM (24.80-b11 mixed mode windows-amd64 compressed oops)
Heap
 PSYoungGen      total 78848K, used 65715K [0x00000000eaa80000, 0x00000000f4d80000, 0x0000000100000000)
  eden space 66560K, 80% used [0x00000000eaa80000,0x00000000edeb0f38,0x00000000eeb80000)
  from space 12288K, 99% used [0x00000000eeb80000,0x00000000ef77be28,0x00000000ef780000)
  to   space 16896K, 0% used [0x00000000f3d00000,0x00000000f3d00000,0x00000000f4d80000)
 ParOldGen       total 86016K, used 27866K [0x00000000c0000000, 0x00000000c5400000, 0x00000000eaa80000)
  object space 86016K, 32% used [0x00000000c0000000,0x00000000c1b36890,0x00000000c5400000)
 PSPermGen       total 21504K, used 6056K [0x00000000bae00000, 0x00000000bc300000, 0x00000000c0000000)
  object space 21504K, 28% used [0x00000000bae00000,0x00000000bb3ea110,0x00000000bc300000)
GC Heap History (10 events):
Event: 10.011 GC heap before
{Heap before GC invocations=3 (full 0):
 PSYoungGen      total 38400K, used 38385K [0x00000000eaa80000, 0x00000000ed500000, 0x0000000100000000)
  eden space 33280K, 100% used [0x00000000eaa80000,0x00000000ecb00000,0x00000000ecb00000)
  from space 5120K, 99% used [0x00000000ed000000,0x00000000ed4fc5c0,0x00000000ed500000)
  to   space 5120K, 0% used [0x00000000ecb00000,0x00000000ecb00000,0x00000000ed000000)
 ParOldGen       total 86016K, used 5245K [0x00000000c0000000, 0x00000000c5400000, 0x00000000eaa80000)
  object space 86016K, 6% used [0x00000000c0000000,0x00000000c051f7a8,0x00000000c5400000)
 PSPermGen       total 21504K, used 5945K [0x00000000bae00000, 0x00000000bc300000, 0x00000000c0000000)
  object space 21504K, 27% used [0x00000000bae00000,0x00000000bb3ce4b8,0x00000000bc300000)
Event: 10.048 GC heap after
Heap after GC invocations=3 (full 0):
 PSYoungGen      total 38400K, used 5111K [0x00000000eaa80000, 0x00000000ed500000, 0x0000000100000000)
  eden space 33280K, 0% used [0x00000000eaa80000,0x00000000eaa80000,0x00000000ecb00000)
  from space 5120K, 99% used [0x00000000ecb00000,0x00000000ecffdd28,0x00000000ed000000)
  to   space 5120K, 0% used [0x00000000ed000000,0x00000000ed000000,0x00000000ed500000)
 ParOldGen       total 86016K, used 10704K [0x00000000c0000000, 0x00000000c5400000, 0x00000000eaa80000)
  object space 86016K, 12% used [0x00000000c0000000,0x00000000c0a741a8,0x00000000c5400000)
 PSPermGen       total 21504K, used 5945K [0x00000000bae00000, 0x00000000bc300000, 0x00000000c0000000)
  object space 21504K, 27% used [0x00000000bae00000,0x00000000bb3ce4b8,0x00000000bc300000)
}
Event: 10.548 GC heap before
{Heap before GC invocations=4 (full 0):
 PSYoungGen      total 38400K, used 38391K [0x00000000eaa80000, 0x00000000ed500000, 0x0000000100000000)
  eden space 33280K, 100% used [0x00000000eaa80000,0x00000000ecb00000,0x00000000ecb00000)
  from space 5120K, 99% used [0x00000000ecb00000,0x00000000ecffdd28,0x00000000ed000000)
  to   space 5120K, 0% used [0x00000000ed000000,0x00000000ed000000,0x00000000ed500000)
 ParOldGen       total 86016K, used 10704K [0x00000000c0000000, 0x00000000c5400000, 0x00000000eaa80000)
  object space 86016K, 12% used [0x00000000c0000000,0x00000000c0a741a8,0x00000000c5400000)
 PSPermGen       total 21504K, used 5973K [0x00000000bae00000, 0x00000000bc300000, 0x00000000c0000000)
  object space 21504K, 27% used [0x00000000bae00000,0x00000000bb3d5688,0x00000000bc300000)
Event: 10.566 GC heap after
Heap after GC invocations=4 (full 0):
 PSYoungGen      total 38400K, used 5091K [0x00000000eaa80000, 0x00000000ed500000, 0x0000000100000000)
  eden space 33280K, 0% used [0x00000000eaa80000,0x00000000eaa80000,0x00000000ecb00000)
  from space 5120K, 99% used [0x00000000ed000000,0x00000000ed4f8dc0,0x00000000ed500000)
  to   space 5120K, 0% used [0x00000000ecb00000,0x00000000ecb00000,0x00000000ed000000)
 ParOldGen       total 86016K, used 16100K [0x00000000c0000000, 0x00000000c5400000, 0x00000000eaa80000)
  object space 86016K, 18% used [0x00000000c0000000,0x00000000c0fb93d8,0x00000000c5400000)
 PSPermGen       total 21504K, used 5973K [0x00000000bae00000, 0x00000000bc300000, 0x00000000c0000000)
  object space 21504K, 27% used [0x00000000bae00000,0x00000000bb3d5688,0x00000000bc300000)
}
Event: 11.041 GC heap before
{Heap before GC invocations=5 (full 0):
 PSYoungGen      total 38400K, used 38371K [0x00000000eaa80000, 0x00000000ed500000, 0x0000000100000000)
  eden space 33280K, 100% used [0x00000000eaa80000,0x00000000ecb00000,0x00000000ecb00000)
  from space 5120K, 99% used [0x00000000ed000000,0x00000000ed4f8dc0,0x00000000ed500000)
  to   space 5120K, 0% used [0x00000000ecb00000,0x00000000ecb00000,0x00000000ed000000)
 ParOldGen       total 86016K, used 16100K [0x00000000c0000000, 0x00000000c5400000, 0x00000000eaa80000)
  object space 86016K, 18% used [0x00000000c0000000,0x00000000c0fb93d8,0x00000000c5400000)
 PSPermGen       total 21504K, used 5993K [0x00000000bae00000, 0x00000000bc300000, 0x00000000c0000000)
  object space 21504K, 27% used [0x00000000bae00000,0x00000000bb3da4d8,0x00000000bc300000)
Event: 11.099 GC heap after
Heap after GC invocations=5 (full 0):
 PSYoungGen      total 38400K, used 5117K [0x00000000eaa80000, 0x00000000f0380000, 0x0000000100000000)
  eden space 33280K, 0% used [0x00000000eaa80000,0x00000000eaa80000,0x00000000ecb00000)
  from space 5120K, 99% used [0x00000000ecb00000,0x00000000ecfff5e8,0x00000000ed000000)
  to   space 12288K, 0% used [0x00000000ef780000,0x00000000ef780000,0x00000000f0380000)
 ParOldGen       total 86016K, used 20768K [0x00000000c0000000, 0x00000000c5400000, 0x00000000eaa80000)
  object space 86016K, 24% used [0x00000000c0000000,0x00000000c1448130,0x00000000c5400000)
 PSPermGen       total 21504K, used 5993K [0x00000000bae00000, 0x00000000bc300000, 0x00000000c0000000)
  object space 21504K, 27% used [0x00000000bae00000,0x00000000bb3da4d8,0x00000000bc300000)
}
Event: 11.328 GC heap before
{Heap before GC invocations=6 (full 0):
 PSYoungGen      total 38400K, used 38397K [0x00000000eaa80000, 0x00000000f0380000, 0x0000000100000000)
  eden space 33280K, 100% used [0x00000000eaa80000,0x00000000ecb00000,0x00000000ecb00000)
  from space 5120K, 99% used [0x00000000ecb00000,0x00000000ecfff5e8,0x00000000ed000000)
  to   space 12288K, 0% used [0x00000000ef780000,0x00000000ef780000,0x00000000f0380000)
 ParOldGen       total 86016K, used 20768K [0x00000000c0000000, 0x00000000c5400000, 0x00000000eaa80000)
  object space 86016K, 24% used [0x00000000c0000000,0x00000000c1448130,0x00000000c5400000)
 PSPermGen       total 21504K, used 6011K [0x00000000bae00000, 0x00000000bc300000, 0x00000000c0000000)
  object space 21504K, 27% used [0x00000000bae00000,0x00000000bb3def50,0x00000000bc300000)
Event: 11.346 GC heap after
Heap after GC invocations=6 (full 0):
 PSYoungGen      total 78848K, used 10132K [0x00000000eaa80000, 0x00000000f0380000, 0x0000000100000000)
  eden space 66560K, 0% used [0x00000000eaa80000,0x00000000eaa80000,0x00000000eeb80000)
  from space 12288K, 82% used [0x00000000ef780000,0x00000000f01653f0,0x00000000f0380000)
  to   space 12288K, 0% used [0x00000000eeb80000,0x00000000eeb80000,0x00000000ef780000)
 ParOldGen       total 86016K, used 20768K [0x00000000c0000000, 0x00000000c5400000, 0x00000000eaa80000)
  object space 86016K, 24% used [0x00000000c0000000,0x00000000c1448130,0x00000000c5400000)
 PSPermGen       total 21504K, used 6011K [0x00000000bae00000, 0x00000000bc300000, 0x00000000c0000000)
  object space 21504K, 27% used [0x00000000bae00000,0x00000000bb3def50,0x00000000bc300000)
}
Event: 12.064 GC heap before
{Heap before GC invocations=7 (full 0):
 PSYoungGen      total 78848K, used 76692K [0x00000000eaa80000, 0x00000000f0380000, 0x0000000100000000)
  eden space 66560K, 100% used [0x00000000eaa80000,0x00000000eeb80000,0x00000000eeb80000)
  from space 12288K, 82% used [0x00000000ef780000,0x00000000f01653f0,0x00000000f0380000)
  to   space 12288K, 0% used [0x00000000eeb80000,0x00000000eeb80000,0x00000000ef780000)
 ParOldGen       total 86016K, used 20768K [0x00000000c0000000, 0x00000000c5400000, 0x00000000eaa80000)
  object space 86016K, 24% used [0x00000000c0000000,0x00000000c1448130,0x00000000c5400000)
 PSPermGen       total 21504K, used 6028K [0x00000000bae00000, 0x00000000bc300000, 0x00000000c0000000)
  object space 21504K, 28% used [0x00000000bae00000,0x00000000bb3e31f0,0x00000000bc300000)
Event: 12.123 GC heap after
Heap after GC invocations=7 (full 0):
 PSYoungGen      total 78848K, used 12271K [0x00000000eaa80000, 0x00000000f4d80000, 0x0000000100000000)
  eden space 66560K, 0% used [0x00000000eaa80000,0x00000000eaa80000,0x00000000eeb80000)
  from space 12288K, 99% used [0x00000000eeb80000,0x00000000ef77be28,0x00000000ef780000)
  to   space 16896K, 0% used [0x00000000f3d00000,0x00000000f3d00000,0x00000000f4d80000)
 ParOldGen       total 86016K, used 27866K [0x00000000c0000000, 0x00000000c5400000, 0x00000000eaa80000)
  object space 86016K, 32% used [0x00000000c0000000,0x00000000c1b36890,0x00000000c5400000)
 PSPermGen       total 21504K, used 6028K [0x00000000bae00000, 0x00000000bc300000, 0x00000000c0000000)
  object space 21504K, 28% used [0x00000000bae00000,0x00000000bb3e31f0,0x00000000bc300000)
}

